2018-03-13 14:34:35,215 [5412] INFO  MyServerA - The server instance MyServerA has been started!
2018-03-13 14:34:35,235 [5412] INFO  MyServerB - The server instance MyServerB has been started!
2018-03-13 14:34:35,245 [5412] INFO  TerminatorProtocolServer - The server instance TerminatorProtocolServer has been started!
2018-03-13 14:34:35,327 [5412] INFO  CountSpliterAppServer - The server instance CountSpliterAppServer has been started!
2018-03-13 14:34:35,377 [5412] INFO  FixedSizeServer - The server instance FixedSizeServer has been started!
2018-03-13 14:34:35,396 [5412] INFO  BeginEndMarkServer - The server instance BeginEndMarkServer has been started!
2018-03-13 14:34:35,422 [5412] INFO  FixedHeaderServer - The server instance FixedHeaderServer has been started!
2018-03-13 14:34:35,478 [5412] INFO  HLProtocolServer - The server instance HLProtocolServer has been started!
2018-03-13 14:34:35,502 [5412] INFO  CustomServer - The server instance CustomServer has been started!
2018-03-13 14:34:35,543 [5412] INFO  FileServer - The server instance FileServer has been started!
2018-03-13 14:34:36,323 [5412] INFO  MyServerA - The server instance MyServerA has been stopped!
2018-03-13 14:34:36,339 [5412] INFO  MyServerB - The server instance MyServerB has been stopped!
2018-03-13 14:34:36,345 [5412] INFO  TerminatorProtocolServer - The server instance TerminatorProtocolServer has been stopped!
2018-03-13 14:34:36,350 [5412] INFO  CountSpliterAppServer - The server instance CountSpliterAppServer has been stopped!
2018-03-13 14:34:36,356 [5412] INFO  FixedSizeServer - The server instance FixedSizeServer has been stopped!
2018-03-13 14:34:36,362 [5412] INFO  BeginEndMarkServer - The server instance BeginEndMarkServer has been stopped!
2018-03-13 14:34:36,371 [5412] INFO  FixedHeaderServer - The server instance FixedHeaderServer has been stopped!
2018-03-13 14:34:36,376 [5412] INFO  HLProtocolServer - The server instance HLProtocolServer has been stopped!
2018-03-13 14:34:36,380 [5412] INFO  CustomServer - The server instance CustomServer has been stopped!
2018-03-13 14:34:36,384 [5412] INFO  FileServer - The server instance FileServer has been stopped!
2018-03-13 16:33:46,380 [8208] INFO  MyServerA - The server instance MyServerA has been started!
2018-03-13 16:33:46,453 [8208] INFO  MyServerB - The server instance MyServerB has been started!
2018-03-13 16:33:46,464 [8208] INFO  TerminatorProtocolServer - The server instance TerminatorProtocolServer has been started!
2018-03-13 16:33:46,485 [8208] INFO  CountSpliterAppServer - The server instance CountSpliterAppServer has been started!
2018-03-13 16:33:46,509 [8208] INFO  FixedSizeServer - The server instance FixedSizeServer has been started!
2018-03-13 16:33:46,569 [8208] INFO  BeginEndMarkServer - The server instance BeginEndMarkServer has been started!
2018-03-13 16:33:46,623 [8208] INFO  FixedHeaderServer - The server instance FixedHeaderServer has been started!
2018-03-13 16:33:46,646 [8208] INFO  HLProtocolServer - The server instance HLProtocolServer has been started!
2018-03-13 16:33:46,718 [8208] INFO  CustomServer - The server instance CustomServer has been started!
2018-03-13 16:33:46,742 [8208] INFO  FileServer - The server instance FileServer has been started!
2018-03-13 16:34:10,773 [8208] INFO  MyServerA - The server instance MyServerA has been stopped!
2018-03-13 16:34:10,782 [8208] INFO  MyServerB - The server instance MyServerB has been stopped!
2018-03-13 16:34:10,787 [8208] INFO  TerminatorProtocolServer - The server instance TerminatorProtocolServer has been stopped!
2018-03-13 16:34:10,793 [8208] INFO  CountSpliterAppServer - The server instance CountSpliterAppServer has been stopped!
2018-03-13 16:34:10,798 [8208] INFO  FixedSizeServer - The server instance FixedSizeServer has been stopped!
2018-03-13 16:34:10,804 [8208] INFO  BeginEndMarkServer - The server instance BeginEndMarkServer has been stopped!
2018-03-13 16:34:10,810 [8208] INFO  FixedHeaderServer - The server instance FixedHeaderServer has been stopped!
2018-03-13 16:34:10,815 [8208] INFO  HLProtocolServer - The server instance HLProtocolServer has been stopped!
2018-03-13 16:34:10,820 [8208] INFO  CustomServer - The server instance CustomServer has been stopped!
2018-03-13 16:34:10,825 [8208] INFO  FileServer - The server instance FileServer has been stopped!
2018-03-13 17:18:45,946 [9808] INFO  MyServerA - The server instance MyServerA has been started!
2018-03-13 17:18:46,002 [9808] INFO  MyServerB - The server instance MyServerB has been started!
2018-03-13 17:18:46,021 [9808] INFO  TerminatorProtocolServer - The server instance TerminatorProtocolServer has been started!
2018-03-13 17:18:46,031 [9808] INFO  CountSpliterAppServer - The server instance CountSpliterAppServer has been started!
2018-03-13 17:18:46,111 [9808] INFO  FixedSizeServer - The server instance FixedSizeServer has been started!
2018-03-13 17:18:46,159 [9808] INFO  BeginEndMarkServer - The server instance BeginEndMarkServer has been started!
2018-03-13 17:18:46,180 [9808] INFO  FixedHeaderServer - The server instance FixedHeaderServer has been started!
2018-03-13 17:18:46,209 [9808] INFO  HLProtocolServer - The server instance HLProtocolServer has been started!
2018-03-13 17:18:46,267 [9808] INFO  CustomServer - The server instance CustomServer has been started!
2018-03-13 17:18:46,310 [9808] INFO  FileServer - The server instance FileServer has been started!
2018-03-13 17:19:51,298 [5128] INFO  MyServerA - The server instance MyServerA has been started!
2018-03-13 17:19:51,311 [5128] INFO  MyServerB - The server instance MyServerB has been started!
2018-03-13 17:19:51,332 [5128] INFO  TerminatorProtocolServer - The server instance TerminatorProtocolServer has been started!
2018-03-13 17:19:51,361 [5128] INFO  CountSpliterAppServer - The server instance CountSpliterAppServer has been started!
2018-03-13 17:19:51,416 [5128] INFO  FixedSizeServer - The server instance FixedSizeServer has been started!
2018-03-13 17:19:51,435 [5128] INFO  BeginEndMarkServer - The server instance BeginEndMarkServer has been started!
2018-03-13 17:19:51,444 [5128] INFO  FixedHeaderServer - The server instance FixedHeaderServer has been started!
2018-03-13 17:19:51,497 [5128] INFO  HLProtocolServer - The server instance HLProtocolServer has been started!
2018-03-13 17:19:51,518 [5128] INFO  CustomServer - The server instance CustomServer has been started!
2018-03-13 17:19:51,539 [5128] INFO  FileServer - The server instance FileServer has been started!
2018-03-13 17:22:05,937 [3820] INFO  MyServerA - The server instance MyServerA has been started!
2018-03-13 17:22:05,954 [3820] INFO  MyServerB - The server instance MyServerB has been started!
2018-03-13 17:22:06,036 [3820] INFO  TerminatorProtocolServer - The server instance TerminatorProtocolServer has been started!
2018-03-13 17:22:06,056 [3820] INFO  CountSpliterAppServer - The server instance CountSpliterAppServer has been started!
2018-03-13 17:22:06,095 [3820] INFO  FixedSizeServer - The server instance FixedSizeServer has been started!
2018-03-13 17:22:06,121 [3820] INFO  BeginEndMarkServer - The server instance BeginEndMarkServer has been started!
2018-03-13 17:22:06,178 [3820] INFO  FixedHeaderServer - The server instance FixedHeaderServer has been started!
2018-03-13 17:22:06,202 [3820] INFO  HLProtocolServer - The server instance HLProtocolServer has been started!
2018-03-13 17:22:06,233 [3820] INFO  CustomServer - The server instance CustomServer has been started!
2018-03-13 17:22:06,298 [3820] INFO  FileServer - The server instance FileServer has been started!
2018-03-13 17:24:34,793 [6832] INFO  MyServerA - The server instance MyServerA has been started!
2018-03-13 17:24:34,857 [6832] INFO  MyServerB - The server instance MyServerB has been started!
2018-03-13 17:24:34,888 [6832] INFO  TerminatorProtocolServer - The server instance TerminatorProtocolServer has been started!
2018-03-13 17:24:34,898 [6832] INFO  CountSpliterAppServer - The server instance CountSpliterAppServer has been started!
2018-03-13 17:24:34,975 [6832] INFO  FixedSizeServer - The server instance FixedSizeServer has been started!
2018-03-13 17:24:35,121 [6832] INFO  BeginEndMarkServer - The server instance BeginEndMarkServer has been started!
2018-03-13 17:24:35,131 [6832] INFO  FixedHeaderServer - The server instance FixedHeaderServer has been started!
2018-03-13 17:24:35,152 [6832] INFO  HLProtocolServer - The server instance HLProtocolServer has been started!
2018-03-13 17:24:35,193 [6832] INFO  CustomServer - The server instance CustomServer has been started!
2018-03-13 17:24:35,205 [6832] INFO  FileServer - The server instance FileServer has been started!
